This file contains any messages produced by compilers while
running configure, to aid debugging if configure makes a mistake.

configure:713: checking host system type
configure:735: checking host specific optimization flag
configure:751: checking for gcc
configure:864: checking whether the C compiler (gcc  ) works
configure:880: gcc -o conftest    conftest.c  1>&5
configure:906: checking whether the C compiler (gcc  ) is a cross-compiler
configure:911: checking whether we are using GNU C
configure:939: checking whether gcc accepts -g
configure:971: checking how to run the C preprocessor
configure:1063: checking for a BSD compatible install
configure:1118: checking for rm
configure:1153: checking for ar
configure:1188: checking for ranlib
configure:1216: checking for Cygwin environment
configure:1249: checking for mingw32 environment
configure:1280: checking for executable suffix
configure:1318: checking for ANSI C header files
configure:1425: checking for unistd.h
configure:1463: checking whether byte ordering is bigendian
configure:1553: checking for working const
configure:1628: checking for socklen_t
configure:1639: gcc -c -g -O2  conftest.c 1>&5
configure:1655: checking for gethostbyname
configure:1750: checking for connect
configure:1877: checking for strcasecmp
configure:1932: checking for sleep
configure:1998: checking for alsa/asoundlib.h
configure:2035: checking for sys/asoundlib.h
configure:2082: checking for sys/soundcard.h
configure:2119: checking for machine/soundcard.h
configure:2169: checking for esd.h
configure:2210: checking for pa_simple_new in -lpulse-simple
configure:2418: checking for Pa_Initialize in -lportaudio
configure:2456: checking for portaudio.h
configure:2958: checking for DatLink/NetAudio support
configure:2972: gcc -E  -Iauto/include conftest.c >/dev/null 2>conftest.out
configure:2968:22: error: netaudio.h: No such file or directory
configure: failed program was:
#line 2967 "configure"
#include "confdefs.h"
#include <netaudio.h>
configure:2998: checking for deflate in -lz
configure:3036: checking for zlib.h
configure:3138: checking for sf_open in -lsndfile
configure:3228: checking for sf_open_read in -lsndfile
