This file contains any messages produced by compilers while
running configure, to aid debugging if configure makes a mistake.

configure:731: checking host system type
configure:753: checking host specific optimization flag
configure:769: checking for gcc
configure:882: checking whether the C compiler (/usr/bin/gcc  ) works
configure:898: /usr/bin/gcc -o conftest    conftest.c  1>&5
configure:895:1: warning: type specifier missing, defaults to 'int' [-Wimplicit-int]
main(){return(0);}
^~~~
1 warning generated.
configure:924: checking whether the C compiler (/usr/bin/gcc  ) is a cross-compiler
configure:929: checking whether we are using GNU C
configure:957: checking whether /usr/bin/gcc accepts -g
configure:989: checking how to run the C preprocessor
configure:1081: checking for a BSD compatible install
configure:1136: checking for rm
configure:1171: checking for ar
configure:1206: checking for ranlib
configure:1234: checking for Cygwin environment
configure:1267: checking for mingw32 environment
configure:1298: checking for executable suffix
configure:1336: checking for ANSI C header files
configure:1443: checking for unistd.h
configure:1481: checking whether byte ordering is bigendian
configure:1571: checking for working const
configure:1646: checking for socklen_t
configure:1657: /usr/bin/gcc -c -g -O2  conftest.c 1>&5
configure:1673: checking for gethostbyname
configure:1768: checking for connect
configure:1895: checking for strcasecmp
configure:1950: checking for sleep
configure:2016: checking for alsa/asoundlib.h
configure:2053: checking for sys/asoundlib.h
configure:2100: checking for sys/soundcard.h
configure:2137: checking for machine/soundcard.h
configure:2187: checking for esd.h
configure:2228: checking for pa_simple_new in -lpulse-simple
configure:2436: checking for Pa_Initialize in -lportaudio
configure:2474: checking for portaudio.h
configure:2976: checking for DatLink/NetAudio support
configure:2990: /usr/bin/gcc -E  -Iauto/include conftest.c >/dev/null 2>conftest.out
configure:2986:10: fatal error: 'netaudio.h' file not found
#include <netaudio.h>
         ^
1 error generated.
configure: failed program was:
#line 2985 "configure"
#include "confdefs.h"
#include <netaudio.h>
configure:3016: checking for deflate in -lz
configure:3054: checking for zlib.h
configure:3156: checking for sf_open in -lsndfile
configure:3194: checking for sndfile.h
